<?xml version="1.0" encoding="UTF-8"?>
<!-- Generated by org.testng.reporters.JUnitReportReporter -->
<testsuite name="com.flipkart.demo" tests="1" time="5.023" ignored="0" failures="0" timestamp="20 Feb 2018 13:26:49 GMT" skipped="0" hostname="ICPL11548" errors="0">
  <testcase name="test" time="5.023" classname="com.flipkart.demo"/>
</testsuite> <!-- com.flipkart.demo -->
