<?xml version="1.0" encoding="UTF-8"?>
<!-- Generated by org.testng.reporters.JUnitReportReporter -->
<testsuite name="com.qmetry.qaf.automation.step.client.Scenario" tests="1" time="79.597" ignored="0" failures="0" timestamp="23 Feb 2018 04:48:47 GMT" skipped="0" hostname="ICPL11548" errors="0">
  <testcase name="TestAdidas" time="79.597" classname="com.qmetry.qaf.automation.step.client.Scenario"/>
</testsuite> <!-- com.qmetry.qaf.automation.step.client.Scenario -->
