<?xml version="1.0" encoding="UTF-8"?>
<!-- Generated by org.testng.reporters.JUnitReportReporter -->
<testsuite name="com.adidas.script.AdidasTest" tests="1" time="42.695" ignored="0" failures="0" timestamp="23 Feb 2018 06:07:03 GMT" skipped="0" hostname="ICPL11548" errors="0">
  <testcase name="testAdidas" time="42.695" classname="com.adidas.script.AdidasTest"/>
</testsuite> <!-- com.adidas.script.AdidasTest -->
