<?xml version="1.0" encoding="UTF-8"?>
<!-- Generated by org.testng.reporters.JUnitReportReporter -->
<testsuite name="com.flipkart.script.TestAdidas" tests="1" time="9.135" ignored="0" failures="0" timestamp="20 Feb 2018 13:43:31 GMT" skipped="0" hostname="ICPL11548" errors="0">
  <testcase name="testAdidas" time="9.135" classname="com.flipkart.script.TestAdidas"/>
</testsuite> <!-- com.flipkart.script.TestAdidas -->
